[31-May-2025 22:00:46 America/Sao_Paulo] === Teste de Log ===
[31-May-2025 22:00:46 America/Sao_Paulo] Data: 2025-05-31 22:00:46
[31-May-2025 22:00:46 America/Sao_Paulo] APP_ENV: production
[31-May-2025 22:00:46 America/Sao_Paulo] MAIL_HOST: mail.capivaralearn.com.br
[31-May-2025 22:00:46 America/Sao_Paulo] MAIL_PORT: 465
[31-May-2025 22:00:46 America/Sao_Paulo] MAIL_USERNAME: capivara@capivaralearn.com.br
[31-May-2025 22:00:46 America/Sao_Paulo] ==================
[31-May-2025 22:00:46 America/Sao_Paulo] Teste de log manual: Verificando se o sistema de logs está funcionando.
[31-May-2025 22:00:46 America/Sao_Paulo] PHP Warning:  require_once(vendor/autoload.php): Failed to open stream: No such file or directory in /home/carlos/Documents/GitHub/CapivaraLearn/test_mail_service.php on line 3
[31-May-2025 22:00:46 America/Sao_Paulo] PHP Fatal error:  Uncaught Error: Failed opening required 'vendor/autoload.php' (include_path='.:/usr/share/php') in /home/carlos/Documents/GitHub/CapivaraLearn/test_mail_service.php:3
Stack trace:
#0 {main}
  thrown in /home/carlos/Documents/GitHub/CapivaraLearn/test_mail_service.php on line 3
[31-May-2025 22:02:00 America/Sao_Paulo] === Teste de Log ===
[31-May-2025 22:02:00 America/Sao_Paulo] Data: 2025-05-31 22:02:00
[31-May-2025 22:02:00 America/Sao_Paulo] APP_ENV: production
[31-May-2025 22:02:00 America/Sao_Paulo] MAIL_HOST: mail.capivaralearn.com.br
[31-May-2025 22:02:00 America/Sao_Paulo] MAIL_PORT: 465
[31-May-2025 22:02:00 America/Sao_Paulo] MAIL_USERNAME: capivara@capivaralearn.com.br
[31-May-2025 22:02:00 America/Sao_Paulo] ==================
[31-May-2025 22:02:00 America/Sao_Paulo] Teste de log manual: Verificando se o sistema de logs está funcionando.
[31-May-2025 22:02:00 America/Sao_Paulo] PHP Warning:  require_once(vendor/autoload.php): Failed to open stream: No such file or directory in /home/carlos/Documents/GitHub/CapivaraLearn/test_mail_service.php on line 3
[31-May-2025 22:02:00 America/Sao_Paulo] PHP Fatal error:  Uncaught Error: Failed opening required 'vendor/autoload.php' (include_path='.:/usr/share/php') in /home/carlos/Documents/GitHub/CapivaraLearn/test_mail_service.php:3
Stack trace:
#0 {main}
  thrown in /home/carlos/Documents/GitHub/CapivaraLearn/test_mail_service.php on line 3
[31-May-2025 22:05:13 America/Sao_Paulo] === Teste de Log ===
[31-May-2025 22:05:13 America/Sao_Paulo] Data: 2025-05-31 22:05:13
[31-May-2025 22:05:13 America/Sao_Paulo] APP_ENV: production
[31-May-2025 22:05:13 America/Sao_Paulo] MAIL_HOST: mail.capivaralearn.com.br
[31-May-2025 22:05:13 America/Sao_Paulo] MAIL_PORT: 465
[31-May-2025 22:05:13 America/Sao_Paulo] MAIL_USERNAME: capivara@capivaralearn.com.br
[31-May-2025 22:05:13 America/Sao_Paulo] ==================
[31-May-2025 22:05:13 America/Sao_Paulo] Teste de log manual: Verificando se o sistema de logs está funcionando.
[31-May-2025 22:05:13 America/Sao_Paulo] PHP Warning:  require_once(vendor/autoload.php): Failed to open stream: No such file or directory in /home/carlos/Documents/GitHub/CapivaraLearn/test_email_direct.php on line 3
[31-May-2025 22:05:13 America/Sao_Paulo] PHP Fatal error:  Uncaught Error: Failed opening required 'vendor/autoload.php' (include_path='.:/usr/share/php') in /home/carlos/Documents/GitHub/CapivaraLearn/test_email_direct.php:3
Stack trace:
#0 {main}
  thrown in /home/carlos/Documents/GitHub/CapivaraLearn/test_email_direct.php on line 3
[31-May-2025 22:06:10 America/Sao_Paulo] === Teste de Log ===
[31-May-2025 22:06:10 America/Sao_Paulo] Data: 2025-05-31 22:06:10
[31-May-2025 22:06:10 America/Sao_Paulo] APP_ENV: production
[31-May-2025 22:06:10 America/Sao_Paulo] MAIL_HOST: mail.capivaralearn.com.br
[31-May-2025 22:06:10 America/Sao_Paulo] MAIL_PORT: 465
[31-May-2025 22:06:10 America/Sao_Paulo] MAIL_USERNAME: capivara@capivaralearn.com.br
[31-May-2025 22:06:10 America/Sao_Paulo] ==================
[31-May-2025 22:06:10 America/Sao_Paulo] Teste de log manual: Verificando se o sistema de logs está funcionando.
[31-May-2025 22:06:56 America/Sao_Paulo] === Teste de Log ===
[31-May-2025 22:06:56 America/Sao_Paulo] Data: 2025-05-31 22:06:56
[31-May-2025 22:06:56 America/Sao_Paulo] APP_ENV: production
[31-May-2025 22:06:56 America/Sao_Paulo] MAIL_HOST: mail.capivaralearn.com.br
[31-May-2025 22:06:56 America/Sao_Paulo] MAIL_PORT: 465
[31-May-2025 22:06:56 America/Sao_Paulo] MAIL_USERNAME: capivara@capivaralearn.com.br
[31-May-2025 22:06:56 America/Sao_Paulo] ==================
[31-May-2025 22:06:56 America/Sao_Paulo] Teste de log manual: Verificando se o sistema de logs está funcionando.
